1515254168863	geckodriver	INFO	geckodriver 0.19.1
1515254168880	geckodriver	INFO	Listening on 127.0.0.1:36773
1515254170029	mozrunner::runner	INFO	Running command: "/usr/bin/firefox" "-marionette" "-profile" "/tmp/rust_mozprofile.Md65ANSGJJHh"
1515254175239	Marionette	INFO	Enabled via --marionette
1515254183470	Marionette	INFO	Listening on port 44447
1515254183519	Marionette	WARN	TLS certificate errors will be ignored for this session
1515254183681	Marionette	DEBUG	Register listener.js for window 4294967297
1515254183796	Marionette	DEBUG	Register listener.js for window 4294967300
1515254185196	Marionette	DEBUG	Register listener.js for window 4294967303
1515254186968	Marionette	DEBUG	Register listener.js for window 4294967306
1515254187678	Marionette	DEBUG	Register listener.js for window 4294967309
1515254188168	Marionette	DEBUG	Register listener.js for window 4294967312
1515254188700	Marionette	DEBUG	Register listener.js for window 4294967315
*** UTM:SVC TimerManager:registerTimer called after profile-before-change notification. Ignoring timer registration for id: telemetry_modules_ping
1515254290451	geckodriver	INFO	geckodriver 0.19.1
1515254290455	geckodriver	INFO	Listening on 127.0.0.1:55863
1515254291604	mozrunner::runner	INFO	Running command: "/usr/bin/firefox" "-marionette" "-profile" "/tmp/rust_mozprofile.Nw0ZFyZdfiIX"
1515254292347	Marionette	INFO	Enabled via --marionette
1515254295824	Marionette	INFO	Listening on port 36761
1515254295932	Marionette	WARN	TLS certificate errors will be ignored for this session
1515254296002	Marionette	DEBUG	Register listener.js for window 2147483649
1515254296021	Marionette	DEBUG	Received DOM event "beforeunload" for "about:blank"
1515254296834	Marionette	DEBUG	Received DOM event "pagehide" for "about:blank"
1515254296835	Marionette	DEBUG	Received DOM event "unload" for "about:blank"
1515254297245	Marionette	DEBUG	Received DOM event "DOMContentLoaded" for "https://www.timeanddate.de/wetter/deutschland/berlin/rueckblick?month=1&year=2017"
1515254299912	Marionette	DEBUG	Received observer notification "outer-window-destroyed" for "2147483656"
1515254299913	Marionette	DEBUG	Received observer notification "outer-window-destroyed" for "2147483657"
1515254301378	Marionette	DEBUG	Received observer notification "outer-window-destroyed" for "2147483658"
1515254301378	Marionette	DEBUG	Received observer notification "outer-window-destroyed" for "2147483659"
1515254304634	Marionette	DEBUG	Received DOM event "pageshow" for "https://www.timeanddate.de/wetter/deutschland/berlin/rueckblick?month=1&year=2017"
1515254450020	Marionette	DEBUG	Canceled page load listener because no navigation has been detected
1515254468425	Marionette	DEBUG	Canceled page load listener because no navigation has been detected
1515254473671	Marionette	DEBUG	Canceled page load listener because no navigation has been detected
1515254494839	Marionette	DEBUG	Canceled page load listener because no navigation has been detected
1515254500083	Marionette	DEBUG	Canceled page load listener because no navigation has been detected
1515254550216	geckodriver	INFO	geckodriver 0.19.1
1515254550223	geckodriver	INFO	Listening on 127.0.0.1:36277
1515254550397	mozrunner::runner	INFO	Running command: "/usr/bin/firefox" "-marionette" "-profile" "/tmp/rust_mozprofile.TEkyVq5FvQ26"
1515254551194	Marionette	INFO	Enabled via --marionette
1515254554929	Marionette	INFO	Listening on port 34449
1515254555026	Marionette	WARN	TLS certificate errors will be ignored for this session
1515254555124	Marionette	DEBUG	Register listener.js for window 2147483649
1515254555162	Marionette	DEBUG	Received DOM event "beforeunload" for "about:blank"
1515254560441	Marionette	DEBUG	Received DOM event "pagehide" for "about:blank"
1515254560441	Marionette	DEBUG	Received DOM event "unload" for "about:blank"
1515254560816	Marionette	DEBUG	Received DOM event "DOMContentLoaded" for "https://www.timeanddate.de/wetter/deutschland/berlin/rueckblick?month=1&year=2017"
1515254567694	Marionette	DEBUG	Received observer notification "outer-window-destroyed" for "2147483656"
1515254567694	Marionette	DEBUG	Received observer notification "outer-window-destroyed" for "2147483657"
1515254569273	Marionette	DEBUG	Received observer notification "outer-window-destroyed" for "2147483658"
1515254575131	Marionette	DEBUG	Received DOM event "pageshow" for "https://www.timeanddate.de/wetter/deutschland/berlin/rueckblick?month=1&year=2017"
1515254591186	Marionette	DEBUG	Register listener.js for window 2147483687
1515254591302	Marionette	DEBUG	Register listener.js for window 2147483689
1515255186712	Marionette	DEBUG	Canceled page load listener because no navigation has been detected
1515255191977	Marionette	DEBUG	Canceled page load listener because no navigation has been detected
1515255197223	Marionette	DEBUG	Canceled page load listener because no navigation has been detected
1515255224181	geckodriver	INFO	geckodriver 0.19.1
1515255224186	geckodriver	INFO	Listening on 127.0.0.1:44131
1515255225343	mozrunner::runner	INFO	Running command: "/usr/bin/firefox" "-marionette" "-profile" "/tmp/rust_mozprofile.XagLbsdphgvX"
1515255226090	Marionette	INFO	Enabled via --marionette
1515255229592	Marionette	INFO	Listening on port 36041
1515255229669	Marionette	WARN	TLS certificate errors will be ignored for this session
1515255229736	Marionette	DEBUG	Register listener.js for window 2147483649
1515255229775	Marionette	DEBUG	Received DOM event "beforeunload" for "about:blank"
1515255230038	Marionette	DEBUG	Received DOM event "pagehide" for "about:blank"
1515255230038	Marionette	DEBUG	Received DOM event "unload" for "about:blank"
1515255230427	Marionette	DEBUG	Received DOM event "DOMContentLoaded" for "https://www.timeanddate.de/wetter/deutschland/berlin/rueckblick?month=1&year=2017"
1515255237283	Marionette	DEBUG	Received observer notification "outer-window-destroyed" for "2147483654"
1515255237284	Marionette	DEBUG	Received observer notification "outer-window-destroyed" for "2147483655"
1515255238007	Marionette	DEBUG	Received observer notification "outer-window-destroyed" for "2147483656"
1515255238007	Marionette	DEBUG	Received observer notification "outer-window-destroyed" for "2147483657"
1515255243488	Marionette	DEBUG	Received DOM event "pageshow" for "https://www.timeanddate.de/wetter/deutschland/berlin/rueckblick?month=1&year=2017"
1515255256746	Marionette	DEBUG	Canceled page load listener because no navigation has been detected
[Child 19746, Chrome_ChildThread] WARNING: pipe error (3): Connection reset by peer: file /build/firefox-bfYN6l/firefox-57.0.1+build2/ipc/chromium/src/chrome/common/ipc_channel_posix.cc, line 353

###!!! [Child][MessageChannel] Error: (msgtype=0x4B0027,name=PNecko::Msg_RemoveRequestContext) Channel closing: too late to send/recv, messages will be lost

[Parent 19691, Gecko_IOThread] WARNING: pipe error (99): Connection reset by peer: file /build/firefox-bfYN6l/firefox-57.0.1+build2/ipc/chromium/src/chrome/common/ipc_channel_posix.cc, line 353
1515256011241	geckodriver	INFO	geckodriver 0.19.1
1515256011249	geckodriver	INFO	Listening on 127.0.0.1:43591
1515256012399	mozrunner::runner	INFO	Running command: "/usr/bin/firefox" "-marionette" "-profile" "/tmp/rust_mozprofile.2TISw4QZEzXA"
1515256013148	Marionette	INFO	Enabled via --marionette
1515256016574	Marionette	INFO	Listening on port 42353
1515256016622	Marionette	WARN	TLS certificate errors will be ignored for this session
1515256016680	Marionette	DEBUG	Register listener.js for window 2147483649
1515256016846	Marionette	DEBUG	Received DOM event "beforeunload" for "about:blank"
1515256017129	Marionette	DEBUG	Received DOM event "pagehide" for "about:blank"
1515256017130	Marionette	DEBUG	Received DOM event "unload" for "about:blank"
1515256017536	Marionette	DEBUG	Received DOM event "DOMContentLoaded" for "https://www.timeanddate.de/wetter/deutschland/berlin/rueckblick?month=1&year=2017"
1515256021587	Marionette	DEBUG	Received observer notification "outer-window-destroyed" for "2147483656"
1515256021587	Marionette	DEBUG	Received observer notification "outer-window-destroyed" for "2147483657"
1515256024809	Marionette	DEBUG	Received observer notification "outer-window-destroyed" for "2147483658"
1515256024810	Marionette	DEBUG	Received observer notification "outer-window-destroyed" for "2147483659"
1515256030873	Marionette	DEBUG	Received DOM event "pageshow" for "https://www.timeanddate.de/wetter/deutschland/berlin/rueckblick?month=1&year=2017"
1515256052647	Marionette	DEBUG	Canceled page load listener because no navigation has been detected
1515256064974	Marionette	DEBUG	Canceled page load listener because no navigation has been detected
1515256961212	Marionette	DEBUG	Register listener.js for window 4294967297
1515256961255	Marionette	DEBUG	Register listener.js for window 4294967299
[Parent 20412, Gecko_IOThread] WARNING: pipe error (38): Connection reset by peer: file /build/firefox-bfYN6l/firefox-57.0.1+build2/ipc/chromium/src/chrome/common/ipc_channel_posix.cc, line 353
1515257030118	geckodriver	INFO	geckodriver 0.19.1
1515257030123	geckodriver	INFO	Listening on 127.0.0.1:59541
1515257031228	mozrunner::runner	INFO	Running command: "/usr/bin/firefox" "-marionette" "-profile" "/tmp/rust_mozprofile.9TwIvAqYpbKS"
1515257031981	Marionette	INFO	Enabled via --marionette
1515257035173	Marionette	INFO	Listening on port 40475
1515257035425	Marionette	WARN	TLS certificate errors will be ignored for this session
1515257035489	Marionette	DEBUG	Register listener.js for window 2147483649
1515257035508	Marionette	DEBUG	Received DOM event "beforeunload" for "about:blank"
1515257047755	Marionette	DEBUG	Received DOM event "pagehide" for "about:blank"
1515257047756	Marionette	DEBUG	Received DOM event "unload" for "about:blank"
1515257049122	Marionette	DEBUG	Received DOM event "DOMContentLoaded" for "https://www.timeanddate.de/wetter/deutschland/berlin/rueckblick?month=1&year=2017"
1515257054617	Marionette	DEBUG	Received DOM event "pageshow" for "https://www.timeanddate.de/wetter/deutschland/berlin/rueckblick?month=1&year=2017"
1515257055166	Marionette	DEBUG	Canceled page load listener because no navigation has been detected
1515257060518	Marionette	DEBUG	Canceled page load listener because no navigation has been detected
1515257065845	Marionette	DEBUG	Canceled page load listener because no navigation has been detected
1515257071199	Marionette	DEBUG	Canceled page load listener because no navigation has been detected
1515257076570	Marionette	DEBUG	Canceled page load listener because no navigation has been detected
1515257084697	geckodriver	INFO	geckodriver 0.19.1
1515257084704	geckodriver	INFO	Listening on 127.0.0.1:49249
1515257085838	mozrunner::runner	INFO	Running command: "/usr/bin/firefox" "-marionette" "-profile" "/tmp/rust_mozprofile.YDuVdAfvy9dv"
1515257086574	Marionette	INFO	Enabled via --marionette
1515257089751	Marionette	INFO	Listening on port 39097
1515257089770	Marionette	WARN	TLS certificate errors will be ignored for this session
1515257089840	Marionette	DEBUG	Register listener.js for window 2147483649
1515257089872	Marionette	DEBUG	Received DOM event "beforeunload" for "about:blank"
1515257091658	Marionette	DEBUG	Received DOM event "pagehide" for "about:blank"
1515257091660	Marionette	DEBUG	Received DOM event "unload" for "about:blank"
1515257092278	Marionette	DEBUG	Received DOM event "DOMContentLoaded" for "https://www.timeanddate.de/wetter/deutschland/berlin/rueckblick?month=1&year=2017"
1515257094881	Marionette	DEBUG	Received DOM event "pageshow" for "https://www.timeanddate.de/wetter/deutschland/berlin/rueckblick?month=1&year=2017"
1515257095775	Marionette	DEBUG	Canceled page load listener because no navigation has been detected
1515257101098	Marionette	DEBUG	Canceled page load listener because no navigation has been detected
1515257106494	Marionette	DEBUG	Canceled page load listener because no navigation has been detected
1515257111831	Marionette	DEBUG	Canceled page load listener because no navigation has been detected
1515257178902	geckodriver	INFO	geckodriver 0.19.1
1515257178906	geckodriver	INFO	Listening on 127.0.0.1:46465
1515257180013	mozrunner::runner	INFO	Running command: "/usr/bin/firefox" "-marionette" "-profile" "/tmp/rust_mozprofile.pIfk71RSf2l8"
1515257180731	Marionette	INFO	Enabled via --marionette
1515257183858	Marionette	INFO	Listening on port 37009
1515257183931	Marionette	WARN	TLS certificate errors will be ignored for this session
1515257183990	Marionette	DEBUG	Register listener.js for window 2147483649
1515257184006	Marionette	DEBUG	Received DOM event "beforeunload" for "about:blank"
1515257186406	Marionette	DEBUG	Received DOM event "pagehide" for "about:blank"
1515257186407	Marionette	DEBUG	Received DOM event "unload" for "about:blank"
1515257187409	Marionette	DEBUG	Received DOM event "DOMContentLoaded" for "https://www.timeanddate.de/wetter/deutschland/berlin/rueckblick?month=1&year=2017"
1515257188076	Marionette	DEBUG	Received DOM event "pageshow" for "https://www.timeanddate.de/wetter/deutschland/berlin/rueckblick?month=1&year=2017"
1515257188638	Marionette	DEBUG	Canceled page load listener because no navigation has been detected
1515257194010	Marionette	DEBUG	Canceled page load listener because no navigation has been detected
1515257199361	Marionette	DEBUG	Canceled page load listener because no navigation has been detected
1515258143781	geckodriver	INFO	geckodriver 0.19.1
1515258143786	geckodriver	INFO	Listening on 127.0.0.1:40681
1515258144912	mozrunner::runner	INFO	Running command: "/usr/bin/firefox" "-marionette" "-profile" "/tmp/rust_mozprofile.IGA4ql8xqmCE"
1515258145678	Marionette	INFO	Enabled via --marionette
1515258148745	Marionette	INFO	Listening on port 34939
1515258148999	Marionette	WARN	TLS certificate errors will be ignored for this session
1515258149089	Marionette	DEBUG	Register listener.js for window 2147483649
1515258149110	Marionette	DEBUG	Received DOM event "beforeunload" for "about:blank"
1515258150901	Marionette	DEBUG	Received DOM event "pagehide" for "about:blank"
1515258150901	Marionette	DEBUG	Received DOM event "unload" for "about:blank"
1515258151900	Marionette	DEBUG	Received DOM event "DOMContentLoaded" for "https://www.timeanddate.de/wetter/deutschland/berlin/rueckblick?month=1&year=2017"
1515258157388	Marionette	DEBUG	Received DOM event "pageshow" for "https://www.timeanddate.de/wetter/deutschland/berlin/rueckblick?month=1&year=2017"
1515258158003	Marionette	DEBUG	Canceled page load listener because no navigation has been detected
1515258163343	Marionette	DEBUG	Canceled page load listener because no navigation has been detected
1515258168682	Marionette	DEBUG	Canceled page load listener because no navigation has been detected
1515258174057	Marionette	DEBUG	Canceled page load listener because no navigation has been detected
1515258179544	Marionette	DEBUG	Canceled page load listener because no navigation has been detected
1515258184884	Marionette	DEBUG	Canceled page load listener because no navigation has been detected
1515258190039	Marionette	DEBUG	Received DOM event "beforeunload" for "https://www.timeanddate.de/wetter/deutschland/berlin/rueckblick?month=1&year=2017"
1515258190634	Marionette	DEBUG	Received DOM event "pagehide" for "https://www.timeanddate.de/wetter/deutschland/berlin/rueckblick?month=1&year=2017"
1515258190636	Marionette	DEBUG	Received DOM event "unload" for "https://www.timeanddate.de/wetter/deutschland/berlin/rueckblick?month=1&year=2017"
JavaScript error: https://www.timeanddate.de/info/impressum, line 64: SyntaxError: expected expression, got '<<'
1515258190930	Marionette	DEBUG	Received DOM event "DOMContentLoaded" for "https://www.timeanddate.de/info/impressum"
1515258191133	Marionette	DEBUG	Received DOM event "pageshow" for "https://www.timeanddate.de/info/impressum"
1515258194753	Marionette	DEBUG	Register listener.js for window 4294967297
1515258194793	Marionette	DEBUG	Register listener.js for window 4294967299
1515258195454	Marionette	DEBUG	Register listener.js for window 4294967303
1515258196114	Marionette	DEBUG	Register listener.js for window 4294967306
*** UTM:SVC TimerManager:registerTimer called after profile-before-change notification. Ignoring timer registration for id: telemetry_modules_ping
1515258240151	geckodriver	INFO	geckodriver 0.19.1
1515258240157	geckodriver	INFO	Listening on 127.0.0.1:51031
1515258241293	mozrunner::runner	INFO	Running command: "/usr/bin/firefox" "-marionette" "-profile" "/tmp/rust_mozprofile.xWhCNdRemHlW"
1515258242148	Marionette	INFO	Enabled via --marionette
1515258245320	Marionette	INFO	Listening on port 34713
1515258245560	Marionette	WARN	TLS certificate errors will be ignored for this session
1515258245638	Marionette	DEBUG	Register listener.js for window 2147483649
1515258245656	Marionette	DEBUG	Received DOM event "beforeunload" for "about:blank"
1515258247519	Marionette	DEBUG	Received DOM event "pagehide" for "about:blank"
1515258247520	Marionette	DEBUG	Received DOM event "unload" for "about:blank"
1515258248344	Marionette	DEBUG	Received DOM event "DOMContentLoaded" for "https://www.timeanddate.de/wetter/deutschland/berlin/rueckblick?month=1&year=2017"
1515258249457	Marionette	DEBUG	Received DOM event "pageshow" for "https://www.timeanddate.de/wetter/deutschland/berlin/rueckblick?month=1&year=2017"
1515259172213	Marionette	DEBUG	Register listener.js for window 4294967297
1515259172253	Marionette	DEBUG	Register listener.js for window 4294967299
1515259173094	Marionette	DEBUG	Register listener.js for window 4294967303
1515259187979	geckodriver	INFO	geckodriver 0.19.1
1515259187984	geckodriver	INFO	Listening on 127.0.0.1:55637
1515259189097	mozrunner::runner	INFO	Running command: "/usr/bin/firefox" "-marionette" "-profile" "/tmp/rust_mozprofile.AyDuA9dHqPgt"
1515259189833	Marionette	INFO	Enabled via --marionette
1515259193097	Marionette	INFO	Listening on port 46879
1515259193119	Marionette	WARN	TLS certificate errors will be ignored for this session
1515259193203	Marionette	DEBUG	Register listener.js for window 2147483649
1515259193244	Marionette	DEBUG	Received DOM event "beforeunload" for "about:blank"
1515259200280	Marionette	DEBUG	Received DOM event "pagehide" for "about:blank"
1515259200281	Marionette	DEBUG	Received DOM event "unload" for "about:blank"
1515259205554	Marionette	DEBUG	Received DOM event "DOMContentLoaded" for "https://www.timeanddate.de/wetter/deutschland/berlin/rueckblick?month=1&year=2017"
1515259206840	Marionette	DEBUG	Received DOM event "pageshow" for "https://www.timeanddate.de/wetter/deutschland/berlin/rueckblick?month=1&year=2017"
1515259249601	geckodriver	INFO	geckodriver 0.19.1
1515259249607	geckodriver	INFO	Listening on 127.0.0.1:45183
1515259250721	mozrunner::runner	INFO	Running command: "/usr/bin/firefox" "-marionette" "-profile" "/tmp/rust_mozprofile.X9JII5CE5qEU"
1515259251486	Marionette	INFO	Enabled via --marionette
1515259254811	Marionette	INFO	Listening on port 34101
1515259254854	Marionette	WARN	TLS certificate errors will be ignored for this session
1515259254910	Marionette	DEBUG	Register listener.js for window 2147483649
1515259255079	Marionette	DEBUG	Received DOM event "beforeunload" for "about:blank"
1515259257847	Marionette	DEBUG	Received DOM event "pagehide" for "about:blank"
1515259257848	Marionette	DEBUG	Received DOM event "unload" for "about:blank"
1515259258930	Marionette	DEBUG	Received DOM event "DOMContentLoaded" for "https://www.timeanddate.de/wetter/deutschland/berlin/rueckblick?month=1&year=2017"
1515259260847	Marionette	DEBUG	Received DOM event "pageshow" for "https://www.timeanddate.de/wetter/deutschland/berlin/rueckblick?month=1&year=2017"
1515259397771	geckodriver	INFO	geckodriver 0.19.1
1515259397777	geckodriver	INFO	Listening on 127.0.0.1:49381
1515259398902	mozrunner::runner	INFO	Running command: "/usr/bin/firefox" "-marionette" "-profile" "/tmp/rust_mozprofile.KCVE6GreVANp"
1515259399811	Marionette	INFO	Enabled via --marionette
1515259403431	Marionette	INFO	Listening on port 37105
1515259403524	Marionette	WARN	TLS certificate errors will be ignored for this session
1515259403615	Marionette	DEBUG	Register listener.js for window 2147483649
1515259403661	Marionette	DEBUG	Received DOM event "beforeunload" for "about:blank"
1515259405064	Marionette	DEBUG	Received DOM event "pagehide" for "about:blank"
1515259405065	Marionette	DEBUG	Received DOM event "unload" for "about:blank"
1515259405729	Marionette	DEBUG	Received DOM event "DOMContentLoaded" for "https://www.timeanddate.de/wetter/deutschland/berlin/rueckblick?month=1&year=2017"
1515259410943	Marionette	DEBUG	Received DOM event "pageshow" for "https://www.timeanddate.de/wetter/deutschland/berlin/rueckblick?month=1&year=2017"
1515317078486	geckodriver	INFO	geckodriver 0.19.1
1515317078604	geckodriver	INFO	Listening on 127.0.0.1:48667
1515317086540	geckodriver	INFO	geckodriver 0.19.1
1515317086543	geckodriver	INFO	Listening on 127.0.0.1:39371
1515317087899	mozrunner::runner	INFO	Running command: "/usr/bin/firefox" "-marionette" "-profile" "/tmp/rust_mozprofile.irAtymwfAYXr"
1515317088655	Marionette	INFO	Enabled via --marionette
1515317092251	Marionette	INFO	Listening on port 37989
1515317092325	Marionette	WARN	TLS certificate errors will be ignored for this session
1515317092392	Marionette	DEBUG	Register listener.js for window 2147483649
1515317092514	Marionette	DEBUG	Received DOM event "beforeunload" for "about:blank"
1515317095090	Marionette	DEBUG	Received DOM event "pagehide" for "about:blank"
1515317095090	Marionette	DEBUG	Received DOM event "unload" for "about:blank"
1515317096031	Marionette	DEBUG	Received DOM event "DOMContentLoaded" for "https://www.timeanddate.de/wetter/deutschland/berlin/rueckblick?month=1&year=2017"
1515317097674	Marionette	DEBUG	Received DOM event "pageshow" for "https://www.timeanddate.de/wetter/deutschland/berlin/rueckblick?month=1&year=2017"
[Child 6022, Chrome_ChildThread] WARNING: pipe error (20): Connection reset by peer: file /build/firefox-itlqqH/firefox-57.0.4+build1/ipc/chromium/src/chrome/common/ipc_channel_posix.cc, line 353
1515317158685	geckodriver	INFO	geckodriver 0.19.1
1515317158688	geckodriver	INFO	Listening on 127.0.0.1:40005
1515317159807	mozrunner::runner	INFO	Running command: "/usr/bin/firefox" "-marionette" "-profile" "/tmp/rust_mozprofile.VNaQowjXvnVC"
1515317160550	Marionette	INFO	Enabled via --marionette
1515317163970	Marionette	INFO	Listening on port 38225
1515317164026	Marionette	WARN	TLS certificate errors will be ignored for this session
1515317164090	Marionette	DEBUG	Register listener.js for window 2147483649
1515317164118	Marionette	DEBUG	Received DOM event "beforeunload" for "about:blank"
1515317165171	Marionette	DEBUG	Received DOM event "pagehide" for "about:blank"
1515317165172	Marionette	DEBUG	Received DOM event "unload" for "about:blank"
1515317165780	Marionette	DEBUG	Received DOM event "DOMContentLoaded" for "https://www.timeanddate.de/wetter/deutschland/berlin/rueckblick?month=1&year=2017"
1515317167497	Marionette	DEBUG	Received DOM event "pageshow" for "https://www.timeanddate.de/wetter/deutschland/berlin/rueckblick?month=1&year=2017"
1515317434256	Marionette	DEBUG	Canceled page load listener because no navigation has been detected
1515317549983	Marionette	DEBUG	Register listener.js for window 4294967297
1515317550022	Marionette	DEBUG	Register listener.js for window 4294967299
1515317551685	geckodriver	INFO	geckodriver 0.19.1
1515317551689	geckodriver	INFO	Listening on 127.0.0.1:56579
1515317552924	mozrunner::runner	INFO	Running command: "/usr/bin/firefox" "-marionette" "-profile" "/tmp/rust_mozprofile.IfTPyELtucvS"
1515317553655	Marionette	INFO	Enabled via --marionette
1515317557235	Marionette	INFO	Listening on port 36955
1515317557258	Marionette	WARN	TLS certificate errors will be ignored for this session
1515317557320	Marionette	DEBUG	Register listener.js for window 2147483649
1515317557352	Marionette	DEBUG	Received DOM event "beforeunload" for "about:blank"
1515317558997	Marionette	DEBUG	Received DOM event "pagehide" for "about:blank"
1515317558997	Marionette	DEBUG	Received DOM event "unload" for "about:blank"
1515317560264	Marionette	DEBUG	Received DOM event "DOMContentLoaded" for "https://www.timeanddate.de/wetter/deutschland/berlin/rueckblick?month=1&year=2017"
1515317562077	Marionette	DEBUG	Received DOM event "pageshow" for "https://www.timeanddate.de/wetter/deutschland/berlin/rueckblick?month=1&year=2017"
1515317569094	Marionette	DEBUG	Canceled page load listener because no navigation has been detected
1515317575363	Marionette	DEBUG	Canceled page load listener because no navigation has been detected
1515317664560	geckodriver	INFO	geckodriver 0.19.1
1515317664564	geckodriver	INFO	Listening on 127.0.0.1:43827
1515317665671	mozrunner::runner	INFO	Running command: "/usr/bin/firefox" "-marionette" "-profile" "/tmp/rust_mozprofile.dBaN5pynsF6E"
1515317666411	Marionette	INFO	Enabled via --marionette
1515317669672	Marionette	INFO	Listening on port 37161
1515317669692	Marionette	WARN	TLS certificate errors will be ignored for this session
1515317669758	Marionette	DEBUG	Register listener.js for window 2147483649
1515317669789	Marionette	DEBUG	Received DOM event "beforeunload" for "about:blank"
1515317670870	Marionette	DEBUG	Received DOM event "pagehide" for "about:blank"
1515317670871	Marionette	DEBUG	Received DOM event "unload" for "about:blank"
1515317671839	Marionette	DEBUG	Received DOM event "DOMContentLoaded" for "https://www.timeanddate.de/wetter/deutschland/berlin/rueckblick?month=1&year=2017"
1515317677835	Marionette	DEBUG	Received DOM event "pageshow" for "https://www.timeanddate.de/wetter/deutschland/berlin/rueckblick?month=1&year=2017"
1515317684828	Marionette	DEBUG	Canceled page load listener because no navigation has been detected
1515317691175	Marionette	DEBUG	Canceled page load listener because no navigation has been detected
1515317697512	Marionette	DEBUG	Canceled page load listener because no navigation has been detected
1515317703878	Marionette	DEBUG	Canceled page load listener because no navigation has been detected
1515317710266	Marionette	DEBUG	Canceled page load listener because no navigation has been detected
1515317763367	geckodriver	INFO	geckodriver 0.19.1
1515317763371	geckodriver	INFO	Listening on 127.0.0.1:39077
1515317764478	mozrunner::runner	INFO	Running command: "/usr/bin/firefox" "-marionette" "-profile" "/tmp/rust_mozprofile.x1Q9SCvvKV11"
1515317765250	Marionette	INFO	Enabled via --marionette
1515317768590	Marionette	INFO	Listening on port 34697
1515317768610	Marionette	WARN	TLS certificate errors will be ignored for this session
1515317768676	Marionette	DEBUG	Register listener.js for window 2147483649
1515317768703	Marionette	DEBUG	Received DOM event "beforeunload" for "about:blank"
1515317769757	Marionette	DEBUG	Received DOM event "pagehide" for "about:blank"
1515317769758	Marionette	DEBUG	Received DOM event "unload" for "about:blank"
1515317771153	Marionette	DEBUG	Received DOM event "DOMContentLoaded" for "https://www.timeanddate.de/wetter/deutschland/berlin/rueckblick?month=1&year=2017"
1515317778324	Marionette	DEBUG	Received DOM event "pageshow" for "https://www.timeanddate.de/wetter/deutschland/berlin/rueckblick?month=1&year=2017"
1515317785396	Marionette	DEBUG	Canceled page load listener because no navigation has been detected
1515317791742	Marionette	DEBUG	Canceled page load listener because no navigation has been detected
1515317798095	Marionette	DEBUG	Canceled page load listener because no navigation has been detected
1515317804440	Marionette	DEBUG	Canceled page load listener because no navigation has been detected
1515317810779	Marionette	DEBUG	Canceled page load listener because no navigation has been detected
1515317817199	Marionette	DEBUG	Canceled page load listener because no navigation has been detected
1515317823564	Marionette	DEBUG	Canceled page load listener because no navigation has been detected
1515317829910	Marionette	DEBUG	Canceled page load listener because no navigation has been detected
1515317836255	Marionette	DEBUG	Canceled page load listener because no navigation has been detected
1515317842655	Marionette	DEBUG	Canceled page load listener because no navigation has been detected
1515317849007	Marionette	DEBUG	Canceled page load listener because no navigation has been detected
1515317855369	Marionette	DEBUG	Canceled page load listener because no navigation has been detected
1515317861786	Marionette	DEBUG	Canceled page load listener because no navigation has been detected
1515317868123	Marionette	DEBUG	Canceled page load listener because no navigation has been detected
1515317874465	Marionette	DEBUG	Canceled page load listener because no navigation has been detected
1515317880807	Marionette	DEBUG	Canceled page load listener because no navigation has been detected
1515317887148	Marionette	DEBUG	Canceled page load listener because no navigation has been detected
1515317893483	Marionette	DEBUG	Canceled page load listener because no navigation has been detected
1515317899890	Marionette	DEBUG	Canceled page load listener because no navigation has been detected
1515317906255	Marionette	DEBUG	Canceled page load listener because no navigation has been detected
1515317912595	Marionette	DEBUG	Canceled page load listener because no navigation has been detected
1515317918933	Marionette	DEBUG	Canceled page load listener because no navigation has been detected
1515317925281	Marionette	DEBUG	Canceled page load listener because no navigation has been detected
1515317931617	Marionette	DEBUG	Canceled page load listener because no navigation has been detected
1515317937948	Marionette	DEBUG	Canceled page load listener because no navigation has been detected
1515317944381	Marionette	DEBUG	Canceled page load listener because no navigation has been detected
1515317950718	Marionette	DEBUG	Canceled page load listener because no navigation has been detected
1515317957069	Marionette	DEBUG	Canceled page load listener because no navigation has been detected
1515317963403	Marionette	DEBUG	Canceled page load listener because no navigation has been detected
1515317969750	Marionette	DEBUG	Canceled page load listener because no navigation has been detected
1515317975863	geckodriver	INFO	geckodriver 0.19.1
1515317975866	geckodriver	INFO	Listening on 127.0.0.1:50847
1515317976975	mozrunner::runner	INFO	Running command: "/usr/bin/firefox" "-marionette" "-profile" "/tmp/rust_mozprofile.H6ZTiCWt85bB"
1515317977661	Marionette	INFO	Enabled via --marionette
1515317981103	Marionette	INFO	Listening on port 41831
1515317981194	Marionette	WARN	TLS certificate errors will be ignored for this session
1515317981247	Marionette	DEBUG	Register listener.js for window 2147483649
1515317981260	Marionette	DEBUG	Received DOM event "beforeunload" for "about:blank"
1515317982365	Marionette	DEBUG	Received DOM event "pagehide" for "about:blank"
1515317982367	Marionette	DEBUG	Received DOM event "unload" for "about:blank"
1515317983048	Marionette	DEBUG	Received DOM event "DOMContentLoaded" for "https://www.timeanddate.de/wetter/deutschland/berlin/rueckblick?month=2&year=2017"
1515317989681	Marionette	DEBUG	Received DOM event "pageshow" for "https://www.timeanddate.de/wetter/deutschland/berlin/rueckblick?month=2&year=2017"
1515319298168	geckodriver	INFO	geckodriver 0.19.1
1515319298171	geckodriver	INFO	Listening on 127.0.0.1:46073
1515319299285	mozrunner::runner	INFO	Running command: "/usr/bin/firefox" "-marionette" "-profile" "/tmp/rust_mozprofile.B2EbFuRAbgar"
1515319300059	Marionette	INFO	Enabled via --marionette
1515319303387	Marionette	INFO	Listening on port 36395
1515319303411	Marionette	WARN	TLS certificate errors will be ignored for this session
1515319303479	Marionette	DEBUG	Register listener.js for window 2147483649
1515319303510	Marionette	DEBUG	Received DOM event "beforeunload" for "about:blank"
1515319305317	Marionette	DEBUG	Received DOM event "pagehide" for "about:blank"
1515319305318	Marionette	DEBUG	Received DOM event "unload" for "about:blank"
1515319306295	Marionette	DEBUG	Received DOM event "DOMContentLoaded" for "https://www.timeanddate.de/wetter/deutschland/berlin/rueckblick?month=1&year=2017"
1515319307604	Marionette	DEBUG	Received DOM event "pageshow" for "https://www.timeanddate.de/wetter/deutschland/berlin/rueckblick?month=1&year=2017"
1515319314547	Marionette	DEBUG	Canceled page load listener because no navigation has been detected
1515319320987	Marionette	DEBUG	Canceled page load listener because no navigation has been detected
1515319327382	Marionette	DEBUG	Canceled page load listener because no navigation has been detected
1515319333727	Marionette	DEBUG	Canceled page load listener because no navigation has been detected
1515319340189	Marionette	DEBUG	Canceled page load listener because no navigation has been detected
1515319346566	Marionette	DEBUG	Canceled page load listener because no navigation has been detected
1515319352932	Marionette	DEBUG	Canceled page load listener because no navigation has been detected
1515319359342	Marionette	DEBUG	Canceled page load listener because no navigation has been detected
1515319365789	Marionette	DEBUG	Canceled page load listener because no navigation has been detected
1515319372342	Marionette	DEBUG	Canceled page load listener because no navigation has been detected
1515319378775	Marionette	DEBUG	Canceled page load listener because no navigation has been detected
1515319385226	Marionette	DEBUG	Canceled page load listener because no navigation has been detected
1515319391593	Marionette	DEBUG	Canceled page load listener because no navigation has been detected
1515319397964	Marionette	DEBUG	Canceled page load listener because no navigation has been detected
1515319404324	Marionette	DEBUG	Canceled page load listener because no navigation has been detected
1515319410670	Marionette	DEBUG	Canceled page load listener because no navigation has been detected
1515319417025	Marionette	DEBUG	Canceled page load listener because no navigation has been detected
1515319423475	Marionette	DEBUG	Canceled page load listener because no navigation has been detected
1515319429844	Marionette	DEBUG	Canceled page load listener because no navigation has been detected
1515319436200	Marionette	DEBUG	Canceled page load listener because no navigation has been detected
1515319442541	Marionette	DEBUG	Canceled page load listener because no navigation has been detected
1515319448901	Marionette	DEBUG	Canceled page load listener because no navigation has been detected
1515319455255	Marionette	DEBUG	Canceled page load listener because no navigation has been detected
1515319461628	Marionette	DEBUG	Canceled page load listener because no navigation has been detected
1515319468045	Marionette	DEBUG	Canceled page load listener because no navigation has been detected
1515319474405	Marionette	DEBUG	Canceled page load listener because no navigation has been detected
1515319480723	Marionette	DEBUG	Canceled page load listener because no navigation has been detected
1515319487063	Marionette	DEBUG	Canceled page load listener because no navigation has been detected
1515319493397	Marionette	DEBUG	Canceled page load listener because no navigation has been detected
1515319499739	Marionette	DEBUG	Canceled page load listener because no navigation has been detected
1515319505973	geckodriver	INFO	geckodriver 0.19.1
1515319505976	geckodriver	INFO	Listening on 127.0.0.1:58567
1515319507118	mozrunner::runner	INFO	Running command: "/usr/bin/firefox" "-marionette" "-profile" "/tmp/rust_mozprofile.ZYAYDYY2qrhf"
1515319507884	Marionette	INFO	Enabled via --marionette
1515319511191	Marionette	INFO	Listening on port 34869
1515319511243	Marionette	WARN	TLS certificate errors will be ignored for this session
1515319511313	Marionette	DEBUG	Register listener.js for window 2147483649
1515319511368	Marionette	DEBUG	Received DOM event "beforeunload" for "about:blank"
1515319513035	Marionette	DEBUG	Received DOM event "pagehide" for "about:blank"
1515319513036	Marionette	DEBUG	Received DOM event "unload" for "about:blank"
1515319513757	Marionette	DEBUG	Received DOM event "DOMContentLoaded" for "https://www.timeanddate.de/wetter/deutschland/berlin/rueckblick?month=2&year=2017"
1515319515371	Marionette	DEBUG	Received DOM event "pageshow" for "https://www.timeanddate.de/wetter/deutschland/berlin/rueckblick?month=2&year=2017"
1515319522304	Marionette	DEBUG	Canceled page load listener because no navigation has been detected
1515319528673	Marionette	DEBUG	Canceled page load listener because no navigation has been detected
1515319535054	Marionette	DEBUG	Canceled page load listener because no navigation has been detected
1515319541413	Marionette	DEBUG	Canceled page load listener because no navigation has been detected
1515319547780	Marionette	DEBUG	Canceled page load listener because no navigation has been detected
1515319554231	Marionette	DEBUG	Canceled page load listener because no navigation has been detected
1515319560590	Marionette	DEBUG	Canceled page load listener because no navigation has been detected
1515319566952	Marionette	DEBUG	Canceled page load listener because no navigation has been detected
1515319573299	Marionette	DEBUG	Canceled page load listener because no navigation has been detected
1515319579654	Marionette	DEBUG	Canceled page load listener because no navigation has been detected
1515319586001	Marionette	DEBUG	Canceled page load listener because no navigation has been detected
1515319592366	Marionette	DEBUG	Canceled page load listener because no navigation has been detected
1515319598815	Marionette	DEBUG	Canceled page load listener because no navigation has been detected
1515319605148	Marionette	DEBUG	Canceled page load listener because no navigation has been detected
1515319611496	Marionette	DEBUG	Canceled page load listener because no navigation has been detected
1515319617862	Marionette	DEBUG	Canceled page load listener because no navigation has been detected
1515319624224	Marionette	DEBUG	Canceled page load listener because no navigation has been detected
1515319630582	Marionette	DEBUG	Canceled page load listener because no navigation has been detected
1515319636928	Marionette	DEBUG	Canceled page load listener because no navigation has been detected
1515319643367	Marionette	DEBUG	Canceled page load listener because no navigation has been detected
1515319649732	Marionette	DEBUG	Canceled page load listener because no navigation has been detected
1515319656087	Marionette	DEBUG	Canceled page load listener because no navigation has been detected
1515319662495	Marionette	DEBUG	Canceled page load listener because no navigation has been detected
1515319668844	Marionette	DEBUG	Canceled page load listener because no navigation has been detected
1515319675189	Marionette	DEBUG	Canceled page load listener because no navigation has been detected
1515319681654	Marionette	DEBUG	Canceled page load listener because no navigation has been detected
1515319687984	Marionette	DEBUG	Canceled page load listener because no navigation has been detected
1515319694132	geckodriver	INFO	geckodriver 0.19.1
1515319694135	geckodriver	INFO	Listening on 127.0.0.1:39055
1515319695276	mozrunner::runner	INFO	Running command: "/usr/bin/firefox" "-marionette" "-profile" "/tmp/rust_mozprofile.FZ5JX8MIr5ce"
1515319696007	Marionette	INFO	Enabled via --marionette
1515319699495	Marionette	INFO	Listening on port 43667
1515319699703	Marionette	WARN	TLS certificate errors will be ignored for this session
1515319699773	Marionette	DEBUG	Register listener.js for window 2147483649
1515319699802	Marionette	DEBUG	Received DOM event "beforeunload" for "about:blank"
1515319701569	Marionette	DEBUG	Received DOM event "pagehide" for "about:blank"
1515319701570	Marionette	DEBUG	Received DOM event "unload" for "about:blank"
1515319702238	Marionette	DEBUG	Received DOM event "DOMContentLoaded" for "https://www.timeanddate.de/wetter/deutschland/berlin/rueckblick?month=3&year=2017"
1515319708316	Marionette	DEBUG	Received DOM event "pageshow" for "https://www.timeanddate.de/wetter/deutschland/berlin/rueckblick?month=3&year=2017"
1515319715234	Marionette	DEBUG	Canceled page load listener because no navigation has been detected
1515319721620	Marionette	DEBUG	Canceled page load listener because no navigation has been detected
1515319727974	Marionette	DEBUG	Canceled page load listener because no navigation has been detected
1515319734432	Marionette	DEBUG	Canceled page load listener because no navigation has been detected
1515319740826	Marionette	DEBUG	Canceled page load listener because no navigation has been detected
1515319747183	Marionette	DEBUG	Canceled page load listener because no navigation has been detected
1515319753551	Marionette	DEBUG	Canceled page load listener because no navigation has been detected
[Child 12116, Chrome_ChildThread] WARNING: pipe error (35): Connection reset by peer: file /build/firefox-itlqqH/firefox-57.0.4+build1/ipc/chromium/src/chrome/common/ipc_channel_posix.cc, line 353
[GFX1-]: Receive IPC close with reason=AbnormalShutdown
[Child 13339, Chrome_ChildThread] WARNING: pipe error (3): Connection reset by peer: file /build/firefox-itlqqH/firefox-57.0.4+build1/ipc/chromium/src/chrome/common/ipc_channel_posix.cc, line 353
1515319785168	geckodriver	INFO	geckodriver 0.19.1
1515319785173	geckodriver	INFO	Listening on 127.0.0.1:44767
1515319786312	mozrunner::runner	INFO	Running command: "/usr/bin/firefox" "-marionette" "-profile" "/tmp/rust_mozprofile.HRBvB932y0RE"
1515319787044	Marionette	INFO	Enabled via --marionette
1515319790277	Marionette	INFO	Listening on port 38965
1515319790536	Marionette	WARN	TLS certificate errors will be ignored for this session
1515319790623	Marionette	DEBUG	Register listener.js for window 2147483649
1515319790645	Marionette	DEBUG	Received DOM event "beforeunload" for "about:blank"
1515319792185	Marionette	DEBUG	Received DOM event "pagehide" for "about:blank"
1515319792185	Marionette	DEBUG	Received DOM event "unload" for "about:blank"
1515319793177	Marionette	DEBUG	Received DOM event "DOMContentLoaded" for "https://www.timeanddate.de/wetter/deutschland/berlin/rueckblick?month=1&year=2017"
1515319798476	Marionette	DEBUG	Received DOM event "pageshow" for "https://www.timeanddate.de/wetter/deutschland/berlin/rueckblick?month=1&year=2017"
1515319805403	Marionette	DEBUG	Canceled page load listener because no navigation has been detected
1515319811770	Marionette	DEBUG	Canceled page load listener because no navigation has been detected
1515319824263	geckodriver	INFO	geckodriver 0.19.1
1515319824267	geckodriver	INFO	Listening on 127.0.0.1:40801
1515319825405	mozrunner::runner	INFO	Running command: "/usr/bin/firefox" "-marionette" "-profile" "/tmp/rust_mozprofile.eOqethlor6MY"
1515319826206	Marionette	INFO	Enabled via --marionette
1515319829929	Marionette	INFO	Listening on port 42063
1515319830037	Marionette	WARN	TLS certificate errors will be ignored for this session
1515319830111	Marionette	DEBUG	Register listener.js for window 2147483649
1515319830137	Marionette	DEBUG	Received DOM event "beforeunload" for "about:blank"
1515319834272	Marionette	DEBUG	Received DOM event "pagehide" for "about:blank"
1515319834272	Marionette	DEBUG	Received DOM event "unload" for "about:blank"
1515319837069	Marionette	DEBUG	Received DOM event "DOMContentLoaded" for "https://www.timeanddate.de/wetter/deutschland/berlin/rueckblick?month=1&year=2017"
1515319841795	Marionette	DEBUG	Received DOM event "pageshow" for "https://www.timeanddate.de/wetter/deutschland/berlin/rueckblick?month=1&year=2017"
1515319848942	Marionette	DEBUG	Canceled page load listener because no navigation has been detected
1515319855342	Marionette	DEBUG	Canceled page load listener because no navigation has been detected
1515319861729	Marionette	DEBUG	Canceled page load listener because no navigation has been detected
1515319868161	Marionette	DEBUG	Canceled page load listener because no navigation has been detected
1515319874680	Marionette	DEBUG	Canceled page load listener because no navigation has been detected
1515319881250	Marionette	DEBUG	Canceled page load listener because no navigation has been detected
1515319887699	Marionette	DEBUG	Canceled page load listener because no navigation has been detected
1515319894110	Marionette	DEBUG	Canceled page load listener because no navigation has been detected
1515319900514	Marionette	DEBUG	Canceled page load listener because no navigation has been detected
1515319906998	Marionette	DEBUG	Canceled page load listener because no navigation has been detected
1515319913474	Marionette	DEBUG	Canceled page load listener because no navigation has been detected
1515319919893	Marionette	DEBUG	Canceled page load listener because no navigation has been detected
1515319926425	Marionette	DEBUG	Canceled page load listener because no navigation has been detected
1515319932790	Marionette	DEBUG	Canceled page load listener because no navigation has been detected
1515319939133	Marionette	DEBUG	Canceled page load listener because no navigation has been detected
1515319945522	Marionette	DEBUG	Canceled page load listener because no navigation has been detected
1515319951894	Marionette	DEBUG	Canceled page load listener because no navigation has been detected
1515319958267	Marionette	DEBUG	Canceled page load listener because no navigation has been detected
1515319964786	Marionette	DEBUG	Canceled page load listener because no navigation has been detected
1515319971133	Marionette	DEBUG	Canceled page load listener because no navigation has been detected
1515319977495	Marionette	DEBUG	Canceled page load listener because no navigation has been detected
1515319983870	Marionette	DEBUG	Canceled page load listener because no navigation has been detected
1515319990279	Marionette	DEBUG	Canceled page load listener because no navigation has been detected
1515319996659	Marionette	DEBUG	Canceled page load listener because no navigation has been detected
1515320003049	Marionette	DEBUG	Canceled page load listener because no navigation has been detected
1515320009638	Marionette	DEBUG	Canceled page load listener because no navigation has been detected
1515320016007	Marionette	DEBUG	Canceled page load listener because no navigation has been detected
1515320022377	Marionette	DEBUG	Canceled page load listener because no navigation has been detected
1515320028758	Marionette	DEBUG	Canceled page load listener because no navigation has been detected
1515320035119	Marionette	DEBUG	Canceled page load listener because no navigation has been detected
1515320041252	geckodriver	INFO	geckodriver 0.19.1
1515320041257	geckodriver	INFO	Listening on 127.0.0.1:37069
1515320042390	mozrunner::runner	INFO	Running command: "/usr/bin/firefox" "-marionette" "-profile" "/tmp/rust_mozprofile.lmqZ5EHVULxz"
1515320043546	Marionette	INFO	Enabled via --marionette
1515320046972	Marionette	INFO	Listening on port 44687
1515320047185	Marionette	WARN	TLS certificate errors will be ignored for this session
1515320047295	Marionette	DEBUG	Register listener.js for window 2147483649
1515320047321	Marionette	DEBUG	Received DOM event "beforeunload" for "about:blank"
1515320049752	Marionette	DEBUG	Received DOM event "pagehide" for "about:blank"
1515320049754	Marionette	DEBUG	Received DOM event "unload" for "about:blank"
1515320052981	Marionette	DEBUG	Received DOM event "DOMContentLoaded" for "https://www.timeanddate.de/wetter/deutschland/berlin/rueckblick?month=2&year=2017"
1515320060109	Marionette	DEBUG	Received DOM event "pageshow" for "https://www.timeanddate.de/wetter/deutschland/berlin/rueckblick?month=2&year=2017"
1515320067425	Marionette	DEBUG	Canceled page load listener because no navigation has been detected
1515320073780	Marionette	DEBUG	Canceled page load listener because no navigation has been detected
1515320080143	Marionette	DEBUG	Canceled page load listener because no navigation has been detected
1515320086501	Marionette	DEBUG	Canceled page load listener because no navigation has been detected
1515320092845	Marionette	DEBUG	Canceled page load listener because no navigation has been detected
1515320099200	Marionette	DEBUG	Canceled page load listener because no navigation has been detected
1515320105626	Marionette	DEBUG	Canceled page load listener because no navigation has been detected
1515320112020	Marionette	DEBUG	Canceled page load listener because no navigation has been detected
1515320118447	Marionette	DEBUG	Canceled page load listener because no navigation has been detected
1515320124786	Marionette	DEBUG	Canceled page load listener because no navigation has been detected
1515320131158	Marionette	DEBUG	Canceled page load listener because no navigation has been detected
1515320137515	Marionette	DEBUG	Canceled page load listener because no navigation has been detected
1515320143885	Marionette	DEBUG	Canceled page load listener because no navigation has been detected
1515320150321	Marionette	DEBUG	Canceled page load listener because no navigation has been detected
1515320156680	Marionette	DEBUG	Canceled page load listener because no navigation has been detected
1515320163021	Marionette	DEBUG	Canceled page load listener because no navigation has been detected
1515320169379	Marionette	DEBUG	Canceled page load listener because no navigation has been detected
1515320175802	Marionette	DEBUG	Canceled page load listener because no navigation has been detected
1515320182172	Marionette	DEBUG	Canceled page load listener because no navigation has been detected
1515320188534	Marionette	DEBUG	Canceled page load listener because no navigation has been detected
1515320194973	Marionette	DEBUG	Canceled page load listener because no navigation has been detected
1515320201346	Marionette	DEBUG	Canceled page load listener because no navigation has been detected
1515320207712	Marionette	DEBUG	Canceled page load listener because no navigation has been detected
1515320214156	Marionette	DEBUG	Canceled page load listener because no navigation has been detected
1515320220539	Marionette	DEBUG	Canceled page load listener because no navigation has been detected
1515320226893	Marionette	DEBUG	Canceled page load listener because no navigation has been detected
1515320233238	Marionette	DEBUG	Canceled page load listener because no navigation has been detected
1515320239454	geckodriver	INFO	geckodriver 0.19.1
1515320239457	geckodriver	INFO	Listening on 127.0.0.1:47873
1515320240597	mozrunner::runner	INFO	Running command: "/usr/bin/firefox" "-marionette" "-profile" "/tmp/rust_mozprofile.ZFGHr4WgCZij"
1515320241359	Marionette	INFO	Enabled via --marionette
1515320244706	Marionette	INFO	Listening on port 40499
1515320244725	Marionette	WARN	TLS certificate errors will be ignored for this session
1515320244791	Marionette	DEBUG	Register listener.js for window 2147483649
1515320244998	Marionette	DEBUG	Received DOM event "beforeunload" for "about:blank"
1515320246677	Marionette	DEBUG	Received DOM event "pagehide" for "about:blank"
1515320246678	Marionette	DEBUG	Received DOM event "unload" for "about:blank"
1515320248297	Marionette	DEBUG	Received DOM event "DOMContentLoaded" for "https://www.timeanddate.de/wetter/deutschland/berlin/rueckblick?month=3&year=2017"
1515320254413	Marionette	DEBUG	Received DOM event "pageshow" for "https://www.timeanddate.de/wetter/deutschland/berlin/rueckblick?month=3&year=2017"
1515320261488	Marionette	DEBUG	Canceled page load listener because no navigation has been detected
1515320267888	Marionette	DEBUG	Canceled page load listener because no navigation has been detected
1515320274243	Marionette	DEBUG	Canceled page load listener because no navigation has been detected
1515320280606	Marionette	DEBUG	Canceled page load listener because no navigation has been detected
1515320287075	Marionette	DEBUG	Canceled page load listener because no navigation has been detected
1515320293433	Marionette	DEBUG	Canceled page load listener because no navigation has been detected
1515320299759	Marionette	DEBUG	Canceled page load listener because no navigation has been detected
1515320306103	Marionette	DEBUG	Canceled page load listener because no navigation has been detected
1515320312457	Marionette	DEBUG	Canceled page load listener because no navigation has been detected
1515320318812	Marionette	DEBUG	Canceled page load listener because no navigation has been detected
1515320325181	Marionette	DEBUG	Canceled page load listener because no navigation has been detected
1515320331628	Marionette	DEBUG	Canceled page load listener because no navigation has been detected
1515320338009	Marionette	DEBUG	Canceled page load listener because no navigation has been detected
1515320344373	Marionette	DEBUG	Canceled page load listener because no navigation has been detected
1515320350715	Marionette	DEBUG	Canceled page load listener because no navigation has been detected
1515320357074	Marionette	DEBUG	Canceled page load listener because no navigation has been detected
1515320363473	Marionette	DEBUG	Canceled page load listener because no navigation has been detected
1515320369889	Marionette	DEBUG	Canceled page load listener because no navigation has been detected
1515320376288	Marionette	DEBUG	Canceled page load listener because no navigation has been detected
1515320382658	Marionette	DEBUG	Canceled page load listener because no navigation has been detected
1515320388998	Marionette	DEBUG	Canceled page load listener because no navigation has been detected
1515320395402	Marionette	DEBUG	Canceled page load listener because no navigation has been detected
1515320401788	Marionette	DEBUG	Canceled page load listener because no navigation has been detected
1515320408208	Marionette	DEBUG	Canceled page load listener because no navigation has been detected
1515320414612	Marionette	DEBUG	Canceled page load listener because no navigation has been detected
1515320421023	Marionette	DEBUG	Canceled page load listener because no navigation has been detected
1515320427411	Marionette	DEBUG	Canceled page load listener because no navigation has been detected
1515320433755	Marionette	DEBUG	Canceled page load listener because no navigation has been detected
1515320440239	Marionette	DEBUG	Canceled page load listener because no navigation has been detected
1515320446606	Marionette	DEBUG	Canceled page load listener because no navigation has been detected
1515320452820	geckodriver	INFO	geckodriver 0.19.1
1515320452823	geckodriver	INFO	Listening on 127.0.0.1:54937
1515320453969	mozrunner::runner	INFO	Running command: "/usr/bin/firefox" "-marionette" "-profile" "/tmp/rust_mozprofile.sABov26BEBAj"
1515320454703	Marionette	INFO	Enabled via --marionette
1515320458278	Marionette	INFO	Listening on port 37249
1515320458302	Marionette	WARN	TLS certificate errors will be ignored for this session
1515320458415	Marionette	DEBUG	Register listener.js for window 2147483649
1515320458444	Marionette	DEBUG	Received DOM event "beforeunload" for "about:blank"
1515320460078	Marionette	DEBUG	Received DOM event "pagehide" for "about:blank"
1515320460080	Marionette	DEBUG	Received DOM event "unload" for "about:blank"
1515320460957	Marionette	DEBUG	Received DOM event "DOMContentLoaded" for "https://www.timeanddate.de/wetter/deutschland/berlin/rueckblick?month=4&year=2017"
1515320464369	Marionette	DEBUG	Received DOM event "pageshow" for "https://www.timeanddate.de/wetter/deutschland/berlin/rueckblick?month=4&year=2017"
1515320471458	Marionette	DEBUG	Canceled page load listener because no navigation has been detected
1515320477809	Marionette	DEBUG	Canceled page load listener because no navigation has been detected
1515320484176	Marionette	DEBUG	Canceled page load listener because no navigation has been detected
1515320490553	Marionette	DEBUG	Canceled page load listener because no navigation has been detected
1515320496893	Marionette	DEBUG	Canceled page load listener because no navigation has been detected
1515320503330	Marionette	DEBUG	Canceled page load listener because no navigation has been detected
1515320509709	Marionette	DEBUG	Canceled page load listener because no navigation has been detected
1515320516105	Marionette	DEBUG	Canceled page load listener because no navigation has been detected
1515320522495	Marionette	DEBUG	Canceled page load listener because no navigation has been detected
1515320528889	Marionette	DEBUG	Canceled page load listener because no navigation has been detected
1515320535233	Marionette	DEBUG	Canceled page load listener because no navigation has been detected
1515320541591	Marionette	DEBUG	Canceled page load listener because no navigation has been detected
1515320548014	Marionette	DEBUG	Canceled page load listener because no navigation has been detected
1515320554373	Marionette	DEBUG	Canceled page load listener because no navigation has been detected
1515320560741	Marionette	DEBUG	Canceled page load listener because no navigation has been detected
1515320567131	Marionette	DEBUG	Canceled page load listener because no navigation has been detected
1515320573477	Marionette	DEBUG	Canceled page load listener because no navigation has been detected
1515320579838	Marionette	DEBUG	Canceled page load listener because no navigation has been detected
1515320586269	Marionette	DEBUG	Canceled page load listener because no navigation has been detected
1515320592646	Marionette	DEBUG	Canceled page load listener because no navigation has been detected
1515320599054	Marionette	DEBUG	Canceled page load listener because no navigation has been detected
1515320605438	Marionette	DEBUG	Canceled page load listener because no navigation has been detected
1515320611783	Marionette	DEBUG	Canceled page load listener because no navigation has been detected
1515320618132	Marionette	DEBUG	Canceled page load listener because no navigation has been detected
1515320624483	Marionette	DEBUG	Canceled page load listener because no navigation has been detected
1515320630914	Marionette	DEBUG	Canceled page load listener because no navigation has been detected
1515320637254	Marionette	DEBUG	Canceled page load listener because no navigation has been detected
1515320643618	Marionette	DEBUG	Canceled page load listener because no navigation has been detected
1515320649985	Marionette	DEBUG	Canceled page load listener because no navigation has been detected
1515320656131	geckodriver	INFO	geckodriver 0.19.1
1515320656134	geckodriver	INFO	Listening on 127.0.0.1:48269
1515320657276	mozrunner::runner	INFO	Running command: "/usr/bin/firefox" "-marionette" "-profile" "/tmp/rust_mozprofile.4esGQZ4SddLX"
1515320658008	Marionette	INFO	Enabled via --marionette
1515320661746	Marionette	INFO	Listening on port 43481
1515320661798	Marionette	WARN	TLS certificate errors will be ignored for this session
1515320661861	Marionette	DEBUG	Register listener.js for window 2147483649
1515320661874	Marionette	DEBUG	Received DOM event "beforeunload" for "about:blank"
1515320663184	Marionette	DEBUG	Received DOM event "pagehide" for "about:blank"
1515320663185	Marionette	DEBUG	Received DOM event "unload" for "about:blank"
1515320663963	Marionette	DEBUG	Received DOM event "DOMContentLoaded" for "https://www.timeanddate.de/wetter/deutschland/berlin/rueckblick?month=5&year=2017"
1515320664553	Marionette	DEBUG	Received DOM event "pageshow" for "https://www.timeanddate.de/wetter/deutschland/berlin/rueckblick?month=5&year=2017"
1515320671565	Marionette	DEBUG	Canceled page load listener because no navigation has been detected
1515320678038	Marionette	DEBUG	Canceled page load listener because no navigation has been detected
1515320684392	Marionette	DEBUG	Canceled page load listener because no navigation has been detected
1515320690802	Marionette	DEBUG	Canceled page load listener because no navigation has been detected
1515320697155	Marionette	DEBUG	Canceled page load listener because no navigation has been detected
1515320703520	Marionette	DEBUG	Canceled page load listener because no navigation has been detected
1515320709875	Marionette	DEBUG	Canceled page load listener because no navigation has been detected
1515320716302	Marionette	DEBUG	Canceled page load listener because no navigation has been detected
1515320722658	Marionette	DEBUG	Canceled page load listener because no navigation has been detected
1515320729040	Marionette	DEBUG	Canceled page load listener because no navigation has been detected
1515320735408	Marionette	DEBUG	Canceled page load listener because no navigation has been detected
1515320741771	Marionette	DEBUG	Canceled page load listener because no navigation has been detected
1515320748111	Marionette	DEBUG	Canceled page load listener because no navigation has been detected
1515320754468	Marionette	DEBUG	Canceled page load listener because no navigation has been detected
1515320760897	Marionette	DEBUG	Canceled page load listener because no navigation has been detected
1515320767242	Marionette	DEBUG	Canceled page load listener because no navigation has been detected
1515320773598	Marionette	DEBUG	Canceled page load listener because no navigation has been detected
1515320779956	Marionette	DEBUG	Canceled page load listener because no navigation has been detected
1515320786321	Marionette	DEBUG	Canceled page load listener because no navigation has been detected
1515320792678	Marionette	DEBUG	Canceled page load listener because no navigation has been detected
1515320799101	Marionette	DEBUG	Canceled page load listener because no navigation has been detected
1515320805459	Marionette	DEBUG	Canceled page load listener because no navigation has been detected
1515320811814	Marionette	DEBUG	Canceled page load listener because no navigation has been detected
1515320818220	Marionette	DEBUG	Canceled page load listener because no navigation has been detected
1515320824585	Marionette	DEBUG	Canceled page load listener because no navigation has been detected
1515320830951	Marionette	DEBUG	Canceled page load listener because no navigation has been detected
1515320837309	Marionette	DEBUG	Canceled page load listener because no navigation has been detected
1515320843745	Marionette	DEBUG	Canceled page load listener because no navigation has been detected
1515320850166	Marionette	DEBUG	Canceled page load listener because no navigation has been detected
1515320856526	Marionette	DEBUG	Canceled page load listener because no navigation has been detected
1515320862635	geckodriver	INFO	geckodriver 0.19.1
1515320862638	geckodriver	INFO	Listening on 127.0.0.1:46911
1515320864047	mozrunner::runner	INFO	Running command: "/usr/bin/firefox" "-marionette" "-profile" "/tmp/rust_mozprofile.HGPquc2DXnuH"
1515320864892	Marionette	INFO	Enabled via --marionette
1515320868517	Marionette	INFO	Listening on port 44347
1515320868568	Marionette	WARN	TLS certificate errors will be ignored for this session
1515320868633	Marionette	DEBUG	Register listener.js for window 2147483649
1515320868656	Marionette	DEBUG	Received DOM event "beforeunload" for "about:blank"
1515320870430	Marionette	DEBUG	Received DOM event "pagehide" for "about:blank"
1515320870432	Marionette	DEBUG	Received DOM event "unload" for "about:blank"
1515320872120	Marionette	DEBUG	Received DOM event "DOMContentLoaded" for "https://www.timeanddate.de/wetter/deutschland/berlin/rueckblick?month=6&year=2017"
1515320873434	Marionette	DEBUG	Received DOM event "pageshow" for "https://www.timeanddate.de/wetter/deutschland/berlin/rueckblick?month=6&year=2017"
1515320880729	Marionette	DEBUG	Canceled page load listener because no navigation has been detected
1515320887096	Marionette	DEBUG	Canceled page load listener because no navigation has been detected
1515320893552	Marionette	DEBUG	Canceled page load listener because no navigation has been detected
1515320899909	Marionette	DEBUG	Canceled page load listener because no navigation has been detected
1515320906269	Marionette	DEBUG	Canceled page load listener because no navigation has been detected
1515320912628	Marionette	DEBUG	Canceled page load listener because no navigation has been detected
1515320918986	Marionette	DEBUG	Canceled page load listener because no navigation has been detected
1515320925334	Marionette	DEBUG	Canceled page load listener because no navigation has been detected
1515320931764	Marionette	DEBUG	Canceled page load listener because no navigation has been detected
1515320938129	Marionette	DEBUG	Canceled page load listener because no navigation has been detected
1515320944509	Marionette	DEBUG	Canceled page load listener because no navigation has been detected
1515320950859	Marionette	DEBUG	Canceled page load listener because no navigation has been detected
1515320957212	Marionette	DEBUG	Canceled page load listener because no navigation has been detected
1515320963573	Marionette	DEBUG	Canceled page load listener because no navigation has been detected
1515320969950	Marionette	DEBUG	Canceled page load listener because no navigation has been detected
1515320976373	Marionette	DEBUG	Canceled page load listener because no navigation has been detected
1515320982741	Marionette	DEBUG	Canceled page load listener because no navigation has been detected
1515320989298	Marionette	DEBUG	Canceled page load listener because no navigation has been detected
1515320995656	Marionette	DEBUG	Canceled page load listener because no navigation has been detected
1515321002014	Marionette	DEBUG	Canceled page load listener because no navigation has been detected
1515321008379	Marionette	DEBUG	Canceled page load listener because no navigation has been detected
1515321014725	Marionette	DEBUG	Canceled page load listener because no navigation has been detected
1515321021174	Marionette	DEBUG	Canceled page load listener because no navigation has been detected
1515321027522	Marionette	DEBUG	Canceled page load listener because no navigation has been detected
1515321033849	Marionette	DEBUG	Canceled page load listener because no navigation has been detected
1515321040201	Marionette	DEBUG	Canceled page load listener because no navigation has been detected
1515321046557	Marionette	DEBUG	Canceled page load listener because no navigation has been detected
1515321052908	Marionette	DEBUG	Canceled page load listener because no navigation has been detected
1515321059317	Marionette	DEBUG	Canceled page load listener because no navigation has been detected
1515321065471	geckodriver	INFO	geckodriver 0.19.1
1515321065474	geckodriver	INFO	Listening on 127.0.0.1:50045
1515321066613	mozrunner::runner	INFO	Running command: "/usr/bin/firefox" "-marionette" "-profile" "/tmp/rust_mozprofile.I2Hw5VgBjxKg"
1515321067329	Marionette	INFO	Enabled via --marionette
1515321070501	Marionette	INFO	Listening on port 37713
1515321070535	Marionette	WARN	TLS certificate errors will be ignored for this session
1515321070599	Marionette	DEBUG	Register listener.js for window 2147483649
1515321070798	Marionette	DEBUG	Received DOM event "beforeunload" for "about:blank"
1515321073638	Marionette	DEBUG	Received DOM event "pagehide" for "about:blank"
1515321073638	Marionette	DEBUG	Received DOM event "unload" for "about:blank"
1515321074349	Marionette	DEBUG	Received DOM event "DOMContentLoaded" for "https://www.timeanddate.de/wetter/deutschland/berlin/rueckblick?month=7&year=2017"
1515321076307	Marionette	DEBUG	Received DOM event "pageshow" for "https://www.timeanddate.de/wetter/deutschland/berlin/rueckblick?month=7&year=2017"
1515321083362	Marionette	DEBUG	Canceled page load listener because no navigation has been detected
1515321089732	Marionette	DEBUG	Canceled page load listener because no navigation has been detected
1515321096096	Marionette	DEBUG	Canceled page load listener because no navigation has been detected
1515321102518	Marionette	DEBUG	Canceled page load listener because no navigation has been detected
1515321109045	Marionette	DEBUG	Canceled page load listener because no navigation has been detected
1515321115408	Marionette	DEBUG	Canceled page load listener because no navigation has been detected
1515321121864	Marionette	DEBUG	Canceled page load listener because no navigation has been detected
1515321128204	Marionette	DEBUG	Canceled page load listener because no navigation has been detected
1515321134589	Marionette	DEBUG	Canceled page load listener because no navigation has been detected
1515321140927	Marionette	DEBUG	Canceled page load listener because no navigation has been detected
1515321147343	Marionette	DEBUG	Canceled page load listener because no navigation has been detected
1515321153763	Marionette	DEBUG	Canceled page load listener because no navigation has been detected
1515321160152	Marionette	DEBUG	Canceled page load listener because no navigation has been detected
1515321166536	Marionette	DEBUG	Canceled page load listener because no navigation has been detected
1515321172921	Marionette	DEBUG	Canceled page load listener because no navigation has been detected
1515321179257	Marionette	DEBUG	Canceled page load listener because no navigation has been detected
1515321185622	Marionette	DEBUG	Canceled page load listener because no navigation has been detected
1515321192079	Marionette	DEBUG	Canceled page load listener because no navigation has been detected
1515321198484	Marionette	DEBUG	Canceled page load listener because no navigation has been detected
1515321204840	Marionette	DEBUG	Canceled page load listener because no navigation has been detected
1515321211201	Marionette	DEBUG	Canceled page load listener because no navigation has been detected
1515321217576	Marionette	DEBUG	Canceled page load listener because no navigation has been detected
1515321223926	Marionette	DEBUG	Canceled page load listener because no navigation has been detected
1515321230352	Marionette	DEBUG	Canceled page load listener because no navigation has been detected
1515321236710	Marionette	DEBUG	Canceled page load listener because no navigation has been detected
1515321243078	Marionette	DEBUG	Canceled page load listener because no navigation has been detected
1515321249429	Marionette	DEBUG	Canceled page load listener because no navigation has been detected
1515321255778	Marionette	DEBUG	Canceled page load listener because no navigation has been detected
1515321262135	Marionette	DEBUG	Canceled page load listener because no navigation has been detected
1515321268536	Marionette	DEBUG	Canceled page load listener because no navigation has been detected
1515321274742	geckodriver	INFO	geckodriver 0.19.1
1515321274745	geckodriver	INFO	Listening on 127.0.0.1:37429
1515321275905	mozrunner::runner	INFO	Running command: "/usr/bin/firefox" "-marionette" "-profile" "/tmp/rust_mozprofile.lCaQ3WMf9q7e"
1515321276641	Marionette	INFO	Enabled via --marionette
1515321280006	Marionette	INFO	Listening on port 34427
1515321280034	Marionette	WARN	TLS certificate errors will be ignored for this session
1515321280098	Marionette	DEBUG	Register listener.js for window 2147483649
1515321280131	Marionette	DEBUG	Received DOM event "beforeunload" for "about:blank"
1515321281192	Marionette	DEBUG	Received DOM event "pagehide" for "about:blank"
1515321281194	Marionette	DEBUG	Received DOM event "unload" for "about:blank"
1515321282010	Marionette	DEBUG	Received DOM event "DOMContentLoaded" for "https://www.timeanddate.de/wetter/deutschland/berlin/rueckblick?month=8&year=2017"
1515321282683	Marionette	DEBUG	Received DOM event "pageshow" for "https://www.timeanddate.de/wetter/deutschland/berlin/rueckblick?month=8&year=2017"
1515321289841	Marionette	DEBUG	Canceled page load listener because no navigation has been detected
1515321296239	Marionette	DEBUG	Canceled page load listener because no navigation has been detected
1515321302623	Marionette	DEBUG	Canceled page load listener because no navigation has been detected
1515321309012	Marionette	DEBUG	Canceled page load listener because no navigation has been detected
1515321315455	Marionette	DEBUG	Canceled page load listener because no navigation has been detected
1515321321808	Marionette	DEBUG	Canceled page load listener because no navigation has been detected
1515321328177	Marionette	DEBUG	Canceled page load listener because no navigation has been detected
1515321334535	Marionette	DEBUG	Canceled page load listener because no navigation has been detected
1515321340881	Marionette	DEBUG	Canceled page load listener because no navigation has been detected
1515321347227	Marionette	DEBUG	Canceled page load listener because no navigation has been detected
1515321353619	Marionette	DEBUG	Canceled page load listener because no navigation has been detected
1515321360093	Marionette	DEBUG	Canceled page load listener because no navigation has been detected
1515321366454	Marionette	DEBUG	Canceled page load listener because no navigation has been detected
1515321372800	Marionette	DEBUG	Canceled page load listener because no navigation has been detected
1515321379159	Marionette	DEBUG	Canceled page load listener because no navigation has been detected
1515321385511	Marionette	DEBUG	Canceled page load listener because no navigation has been detected
1515321391926	Marionette	DEBUG	Canceled page load listener because no navigation has been detected
1515321398337	Marionette	DEBUG	Canceled page load listener because no navigation has been detected
1515321404667	Marionette	DEBUG	Canceled page load listener because no navigation has been detected
1515321411011	Marionette	DEBUG	Canceled page load listener because no navigation has been detected
1515321417444	Marionette	DEBUG	Canceled page load listener because no navigation has been detected
1515321423787	Marionette	DEBUG	Canceled page load listener because no navigation has been detected
1515321430156	Marionette	DEBUG	Canceled page load listener because no navigation has been detected
1515321436619	Marionette	DEBUG	Canceled page load listener because no navigation has been detected
1515321443063	Marionette	DEBUG	Canceled page load listener because no navigation has been detected
1515321449453	Marionette	DEBUG	Canceled page load listener because no navigation has been detected
1515321455810	Marionette	DEBUG	Canceled page load listener because no navigation has been detected
1515321462167	Marionette	DEBUG	Canceled page load listener because no navigation has been detected
1515321468516	Marionette	DEBUG	Canceled page load listener because no navigation has been detected
1515321474870	Marionette	DEBUG	Canceled page load listener because no navigation has been detected
1515321481063	geckodriver	INFO	geckodriver 0.19.1
1515321481066	geckodriver	INFO	Listening on 127.0.0.1:37673
1515321482214	mozrunner::runner	INFO	Running command: "/usr/bin/firefox" "-marionette" "-profile" "/tmp/rust_mozprofile.UTPI0TDLk6Lc"
1515321482899	Marionette	INFO	Enabled via --marionette
1515321486308	Marionette	INFO	Listening on port 39979
1515321486349	Marionette	WARN	TLS certificate errors will be ignored for this session
1515321486415	Marionette	DEBUG	Register listener.js for window 2147483649
1515321486634	Marionette	DEBUG	Received DOM event "beforeunload" for "about:blank"
1515321487708	Marionette	DEBUG	Received DOM event "pagehide" for "about:blank"
1515321487708	Marionette	DEBUG	Received DOM event "unload" for "about:blank"
1515321489161	Marionette	DEBUG	Received DOM event "DOMContentLoaded" for "https://www.timeanddate.de/wetter/deutschland/berlin/rueckblick?month=9&year=2017"
1515321492154	Marionette	DEBUG	Received DOM event "pageshow" for "https://www.timeanddate.de/wetter/deutschland/berlin/rueckblick?month=9&year=2017"
1515321499163	Marionette	DEBUG	Canceled page load listener because no navigation has been detected
1515321505535	Marionette	DEBUG	Canceled page load listener because no navigation has been detected
1515321511890	Marionette	DEBUG	Canceled page load listener because no navigation has been detected
1515321518241	Marionette	DEBUG	Canceled page load listener because no navigation has been detected
1515321524611	Marionette	DEBUG	Canceled page load listener because no navigation has been detected
1515321531057	Marionette	DEBUG	Canceled page load listener because no navigation has been detected
1515321537405	Marionette	DEBUG	Canceled page load listener because no navigation has been detected
1515321543759	Marionette	DEBUG	Canceled page load listener because no navigation has been detected
1515321550114	Marionette	DEBUG	Canceled page load listener because no navigation has been detected
1515321556486	Marionette	DEBUG	Canceled page load listener because no navigation has been detected
1515321562848	Marionette	DEBUG	Canceled page load listener because no navigation has been detected
1515321569278	Marionette	DEBUG	Canceled page load listener because no navigation has been detected
1515321575637	Marionette	DEBUG	Canceled page load listener because no navigation has been detected
1515321582004	Marionette	DEBUG	Canceled page load listener because no navigation has been detected
1515321588352	Marionette	DEBUG	Canceled page load listener because no navigation has been detected
1515321594710	Marionette	DEBUG	Canceled page load listener because no navigation has been detected
1515321601080	Marionette	DEBUG	Canceled page load listener because no navigation has been detected
1515321607439	Marionette	DEBUG	Canceled page load listener because no navigation has been detected
1515321613874	Marionette	DEBUG	Canceled page load listener because no navigation has been detected
1515321620218	Marionette	DEBUG	Canceled page load listener because no navigation has been detected
1515321626592	Marionette	DEBUG	Canceled page load listener because no navigation has been detected
1515321632945	Marionette	DEBUG	Canceled page load listener because no navigation has been detected
1515321639300	Marionette	DEBUG	Canceled page load listener because no navigation has been detected
1515321645666	Marionette	DEBUG	Canceled page load listener because no navigation has been detected
1515321652047	Marionette	DEBUG	Canceled page load listener because no navigation has been detected
1515321658478	Marionette	DEBUG	Canceled page load listener because no navigation has been detected
1515321665700	Marionette	DEBUG	Canceled page load listener because no navigation has been detected
1515321672061	Marionette	DEBUG	Canceled page load listener because no navigation has been detected
1515321678410	Marionette	DEBUG	Canceled page load listener because no navigation has been detected
1515321684539	geckodriver	INFO	geckodriver 0.19.1
1515321684542	geckodriver	INFO	Listening on 127.0.0.1:59711
1515321685667	mozrunner::runner	INFO	Running command: "/usr/bin/firefox" "-marionette" "-profile" "/tmp/rust_mozprofile.W4JJWhvzw8f6"
1515321686458	Marionette	INFO	Enabled via --marionette
1515321689965	Marionette	INFO	Listening on port 42167
1515321690007	Marionette	WARN	TLS certificate errors will be ignored for this session
1515321690074	Marionette	DEBUG	Register listener.js for window 2147483649
1515321690113	Marionette	DEBUG	Received DOM event "beforeunload" for "about:blank"
1515321693691	Marionette	DEBUG	Received DOM event "pagehide" for "about:blank"
1515321693691	Marionette	DEBUG	Received DOM event "unload" for "about:blank"
1515321695102	Marionette	DEBUG	Received DOM event "DOMContentLoaded" for "https://www.timeanddate.de/wetter/deutschland/berlin/rueckblick?month=10&year=2017"
1515321697361	Marionette	DEBUG	Received DOM event "pageshow" for "https://www.timeanddate.de/wetter/deutschland/berlin/rueckblick?month=10&year=2017"
1515321704437	Marionette	DEBUG	Canceled page load listener because no navigation has been detected
1515321710828	Marionette	DEBUG	Canceled page load listener because no navigation has been detected
1515321717182	Marionette	DEBUG	Canceled page load listener because no navigation has been detected
1515321723558	Marionette	DEBUG	Canceled page load listener because no navigation has been detected
1515321729920	Marionette	DEBUG	Canceled page load listener because no navigation has been detected
1515321736271	Marionette	DEBUG	Canceled page load listener because no navigation has been detected
1515321742664	Marionette	DEBUG	Canceled page load listener because no navigation has been detected
1515321749144	Marionette	DEBUG	Canceled page load listener because no navigation has been detected
1515321755519	Marionette	DEBUG	Canceled page load listener because no navigation has been detected
1515321761876	Marionette	DEBUG	Canceled page load listener because no navigation has been detected
1515321768213	Marionette	DEBUG	Canceled page load listener because no navigation has been detected
1515321774630	Marionette	DEBUG	Canceled page load listener because no navigation has been detected
1515321781033	Marionette	DEBUG	Canceled page load listener because no navigation has been detected
1515321787381	Marionette	DEBUG	Canceled page load listener because no navigation has been detected
1515321793832	Marionette	DEBUG	Canceled page load listener because no navigation has been detected
1515321800185	Marionette	DEBUG	Canceled page load listener because no navigation has been detected
1515321806533	Marionette	DEBUG	Canceled page load listener because no navigation has been detected
1515321812891	Marionette	DEBUG	Canceled page load listener because no navigation has been detected
1515321819246	Marionette	DEBUG	Canceled page load listener because no navigation has been detected
1515321825620	Marionette	DEBUG	Canceled page load listener because no navigation has been detected
1515321832057	Marionette	DEBUG	Canceled page load listener because no navigation has been detected
1515321838410	Marionette	DEBUG	Canceled page load listener because no navigation has been detected
1515321844762	Marionette	DEBUG	Canceled page load listener because no navigation has been detected
1515321851122	Marionette	DEBUG	Canceled page load listener because no navigation has been detected
1515321857488	Marionette	DEBUG	Canceled page load listener because no navigation has been detected
1515321863844	Marionette	DEBUG	Canceled page load listener because no navigation has been detected
1515321870182	Marionette	DEBUG	Canceled page load listener because no navigation has been detected
1515321876622	Marionette	DEBUG	Canceled page load listener because no navigation has been detected
1515321882987	Marionette	DEBUG	Canceled page load listener because no navigation has been detected
1515321889348	Marionette	DEBUG	Canceled page load listener because no navigation has been detected
1515321895501	geckodriver	INFO	geckodriver 0.19.1
1515321895504	geckodriver	INFO	Listening on 127.0.0.1:58859
1515321896650	mozrunner::runner	INFO	Running command: "/usr/bin/firefox" "-marionette" "-profile" "/tmp/rust_mozprofile.fw1XpnP2Im2D"
1515321897396	Marionette	INFO	Enabled via --marionette
1515321900814	Marionette	INFO	Listening on port 46519
1515321900875	Marionette	WARN	TLS certificate errors will be ignored for this session
1515321900946	Marionette	DEBUG	Register listener.js for window 2147483649
1515321900962	Marionette	DEBUG	Received DOM event "beforeunload" for "about:blank"
1515321903149	Marionette	DEBUG	Received DOM event "pagehide" for "about:blank"
1515321903149	Marionette	DEBUG	Received DOM event "unload" for "about:blank"
1515321903789	Marionette	DEBUG	Received DOM event "DOMContentLoaded" for "https://www.timeanddate.de/wetter/deutschland/berlin/rueckblick?month=11&year=2017"
1515321905492	Marionette	DEBUG	Received DOM event "pageshow" for "https://www.timeanddate.de/wetter/deutschland/berlin/rueckblick?month=11&year=2017"
1515321912568	Marionette	DEBUG	Canceled page load listener because no navigation has been detected
1515321919029	Marionette	DEBUG	Canceled page load listener because no navigation has been detected
1515321925361	Marionette	DEBUG	Canceled page load listener because no navigation has been detected
1515321931722	Marionette	DEBUG	Canceled page load listener because no navigation has been detected
1515321938105	Marionette	DEBUG	Canceled page load listener because no navigation has been detected
1515321944459	Marionette	DEBUG	Canceled page load listener because no navigation has been detected
1515321950803	Marionette	DEBUG	Canceled page load listener because no navigation has been detected
1515321957154	Marionette	DEBUG	Canceled page load listener because no navigation has been detected
1515321963582	Marionette	DEBUG	Canceled page load listener because no navigation has been detected
1515321969933	Marionette	DEBUG	Canceled page load listener because no navigation has been detected
1515321976281	Marionette	DEBUG	Canceled page load listener because no navigation has been detected
1515321982665	Marionette	DEBUG	Canceled page load listener because no navigation has been detected
1515321989036	Marionette	DEBUG	Canceled page load listener because no navigation has been detected
1515321995360	Marionette	DEBUG	Canceled page load listener because no navigation has been detected
1515322001730	Marionette	DEBUG	Canceled page load listener because no navigation has been detected
1515322008171	Marionette	DEBUG	Canceled page load listener because no navigation has been detected
1515322014538	Marionette	DEBUG	Canceled page load listener because no navigation has been detected
1515322020866	Marionette	DEBUG	Canceled page load listener because no navigation has been detected
1515322027200	Marionette	DEBUG	Canceled page load listener because no navigation has been detected
1515322033564	Marionette	DEBUG	Canceled page load listener because no navigation has been detected
1515322039900	Marionette	DEBUG	Canceled page load listener because no navigation has been detected
1515322046323	Marionette	DEBUG	Canceled page load listener because no navigation has been detected
1515322052674	Marionette	DEBUG	Canceled page load listener because no navigation has been detected
1515322059059	Marionette	DEBUG	Canceled page load listener because no navigation has been detected
1515322065409	Marionette	DEBUG	Canceled page load listener because no navigation has been detected
1515322071757	Marionette	DEBUG	Canceled page load listener because no navigation has been detected
1515322078115	Marionette	DEBUG	Canceled page load listener because no navigation has been detected
1515322084499	Marionette	DEBUG	Canceled page load listener because no navigation has been detected
1515322091075	Marionette	DEBUG	Canceled page load listener because no navigation has been detected
1515322097174	geckodriver	INFO	geckodriver 0.19.1
1515322097177	geckodriver	INFO	Listening on 127.0.0.1:35435
1515322098309	mozrunner::runner	INFO	Running command: "/usr/bin/firefox" "-marionette" "-profile" "/tmp/rust_mozprofile.1aTHtdBxCAj3"
1515322100140	Marionette	INFO	Enabled via --marionette
1515322103430	Marionette	INFO	Listening on port 45755
1515322103454	Marionette	WARN	TLS certificate errors will be ignored for this session
1515322103515	Marionette	DEBUG	Register listener.js for window 2147483649
1515322103674	Marionette	DEBUG	Received DOM event "beforeunload" for "about:blank"
1515322105486	Marionette	DEBUG	Received DOM event "pagehide" for "about:blank"
1515322105487	Marionette	DEBUG	Received DOM event "unload" for "about:blank"
1515322107736	Marionette	DEBUG	Received DOM event "DOMContentLoaded" for "https://www.timeanddate.de/wetter/deutschland/berlin/rueckblick?month=12&year=2017"
1515322112002	Marionette	DEBUG	Received DOM event "pageshow" for "https://www.timeanddate.de/wetter/deutschland/berlin/rueckblick?month=12&year=2017"
1515322118969	Marionette	DEBUG	Canceled page load listener because no navigation has been detected
1515322125335	Marionette	DEBUG	Canceled page load listener because no navigation has been detected
1515322131703	Marionette	DEBUG	Canceled page load listener because no navigation has been detected
1515322138173	Marionette	DEBUG	Canceled page load listener because no navigation has been detected
1515322144542	Marionette	DEBUG	Canceled page load listener because no navigation has been detected
1515322150887	Marionette	DEBUG	Canceled page load listener because no navigation has been detected
1515322157313	Marionette	DEBUG	Canceled page load listener because no navigation has been detected
1515322163701	Marionette	DEBUG	Canceled page load listener because no navigation has been detected
1515322170079	Marionette	DEBUG	Canceled page load listener because no navigation has been detected
1515322176455	Marionette	DEBUG	Canceled page load listener because no navigation has been detected
1515322182903	Marionette	DEBUG	Canceled page load listener because no navigation has been detected
1515322189254	Marionette	DEBUG	Canceled page load listener because no navigation has been detected
1515322195625	Marionette	DEBUG	Canceled page load listener because no navigation has been detected
1515322201984	Marionette	DEBUG	Canceled page load listener because no navigation has been detected
1515322208345	Marionette	DEBUG	Canceled page load listener because no navigation has been detected
1515322214704	Marionette	DEBUG	Canceled page load listener because no navigation has been detected
1515322221147	Marionette	DEBUG	Canceled page load listener because no navigation has been detected
1515322227504	Marionette	DEBUG	Canceled page load listener because no navigation has been detected
1515322233849	Marionette	DEBUG	Canceled page load listener because no navigation has been detected
1515322240194	Marionette	DEBUG	Canceled page load listener because no navigation has been detected
1515322246575	Marionette	DEBUG	Canceled page load listener because no navigation has been detected
1515322252918	Marionette	DEBUG	Canceled page load listener because no navigation has been detected
1515322259249	Marionette	DEBUG	Canceled page load listener because no navigation has been detected
1515322265693	Marionette	DEBUG	Canceled page load listener because no navigation has been detected
1515322272082	Marionette	DEBUG	Canceled page load listener because no navigation has been detected
1515322278466	Marionette	DEBUG	Canceled page load listener because no navigation has been detected
1515322284823	Marionette	DEBUG	Canceled page load listener because no navigation has been detected
1515322291167	Marionette	DEBUG	Canceled page load listener because no navigation has been detected
1515322297525	Marionette	DEBUG	Canceled page load listener because no navigation has been detected
1515322303862	Marionette	DEBUG	Canceled page load listener because no navigation has been detected
